<?xml version="1.0" encoding="UTF-8"?>
<!-- Generated by org.testng.reporters.JUnitReportReporter -->
<testsuite hostname="Users-MacBook-Pro.local" failures="0" tests="1" name="TestRunner" time="19.053" errors="0" timestamp="2022-11-23T16:37:23 EST" skipped="0">
  <testcase classname="TestRunner" name="runScenario" time="19.053"/>
  <system-out/>
</testsuite> <!-- TestRunner -->
